Determining if files usbhid.h exist failed with the following output:
Change Dir: /media/gal/Windows8_OS/Linux/CG/src/freeglut/CMakeFiles/CMakeTmp

Run Build Command:"/usr/bin/make" "cmTC_9d7bf/fast"
make[1]: Entering directory '/media/gal/Windows8_OS/Linux/CG/src/freeglut/CMakeFiles/CMakeTmp'
/usr/bin/make -f CMakeFiles/cmTC_9d7bf.dir/build.make CMakeFiles/cmTC_9d7bf.dir/build
make[2]: Entering directory '/media/gal/Windows8_OS/Linux/CG/src/freeglut/CMakeFiles/CMakeTmp'
Building C object CMakeFiles/cmTC_9d7bf.dir/CheckIncludeFiles.c.o
/usr/bin/cc   -Wall -pedantic    -o CMakeFiles/cmTC_9d7bf.dir/CheckIncludeFiles.c.o   -c /media/gal/Windows8_OS/Linux/CG/src/freeglut/CMakeFiles/CMakeTmp/CheckIncludeFiles.c
/media/gal/Windows8_OS/Linux/CG/src/freeglut/CMakeFiles/CMakeTmp/CheckIncludeFiles.c:2:10: fatal error: usbhid.h: No such file or directory
 #include <usbhid.h>
          ^~~~~~~~~~
compilation terminated.
CMakeFiles/cmTC_9d7bf.dir/build.make:65: recipe for target 'CMakeFiles/cmTC_9d7bf.dir/CheckIncludeFiles.c.o' failed
make[2]: *** [CMakeFiles/cmTC_9d7bf.dir/CheckIncludeFiles.c.o] Error 1
make[2]: Leaving directory '/media/gal/Windows8_OS/Linux/CG/src/freeglut/CMakeFiles/CMakeTmp'
Makefile:126: recipe for target 'cmTC_9d7bf/fast' failed
make[1]: *** [cmTC_9d7bf/fast] Error 2
make[1]: Leaving directory '/media/gal/Windows8_OS/Linux/CG/src/freeglut/CMakeFiles/CMakeTmp'

Source:
/* */
#include <usbhid.h>


int main(void){return 0;}

Determining if the function XParseGeometry exists failed with the following output:
Change Dir: /media/gal/Windows8_OS/Linux/CG/src/freeglut/CMakeFiles/CMakeTmp

Run Build Command:"/usr/bin/make" "cmTC_75297/fast"
make[1]: Entering directory '/media/gal/Windows8_OS/Linux/CG/src/freeglut/CMakeFiles/CMakeTmp'
/usr/bin/make -f CMakeFiles/cmTC_75297.dir/build.make CMakeFiles/cmTC_75297.dir/build
make[2]: Entering directory '/media/gal/Windows8_OS/Linux/CG/src/freeglut/CMakeFiles/CMakeTmp'
Building C object CMakeFiles/cmTC_75297.dir/CheckFunctionExists.c.o
/usr/bin/cc   -Wall -pedantic -DCHECK_FUNCTION_EXISTS=XParseGeometry   -o CMakeFiles/cmTC_75297.dir/CheckFunctionExists.c.o   -c /usr/share/cmake-3.10/Modules/CheckFunctionExists.c
Linking C executable cmTC_75297
/usr/bin/cmake -E cmake_link_script CMakeFiles/cmTC_75297.dir/link.txt --verbose=1
/usr/bin/cc  -Wall -pedantic -DCHECK_FUNCTION_EXISTS=XParseGeometry    -rdynamic CMakeFiles/cmTC_75297.dir/CheckFunctionExists.c.o  -o cmTC_75297 -lm 
CMakeFiles/cmTC_75297.dir/CheckFunctionExists.c.o: In function `main':
CheckFunctionExists.c:(.text+0x10): undefined reference to `XParseGeometry'
collect2: error: ld returned 1 exit status
CMakeFiles/cmTC_75297.dir/build.make:97: recipe for target 'cmTC_75297' failed
make[2]: *** [cmTC_75297] Error 1
make[2]: Leaving directory '/media/gal/Windows8_OS/Linux/CG/src/freeglut/CMakeFiles/CMakeTmp'
Makefile:126: recipe for target 'cmTC_75297/fast' failed
make[1]: *** [cmTC_75297/fast] Error 2
make[1]: Leaving directory '/media/gal/Windows8_OS/Linux/CG/src/freeglut/CMakeFiles/CMakeTmp'


